build2/app/intermediates/manifest_merge_blame_file/debug/manifest-merger-blame-debug-report.txt
1<?xml version="1.0" encoding="utf-8"?>
2<manifest xmlns:android="http://schemas.android.com/apk/res/android"
3    package="com.example.tingting_chat2"
4    android:versionCode="1"
5    android:versionName="1.0.0" >
6
7    <uses-sdk
8        android:minSdkVersion="16"
9        android:targetSdkVersion="29" />
10    <!--
11         Flutter needs it to communicate with the running application
12         to allow setting breakpoints, to provide hot reload, etc.
13    -->
14    <uses-permission android:name="android.permission.INTERNET" />
14-->src\debug\AndroidManifest.xml:6:5-66
14-->src\debug\AndroidManifest.xml:6:22-64
15    <uses-permission android:name="android.permission.ACCESS_NETWORK_STATE" />
15-->[com.firebaseui:firebase-ui-auth:4.3.1] AndroidManifest.xml:12:5-79
15-->[com.firebaseui:firebase-ui-auth:4.3.1] AndroidManifest.xml:12:22-76
16    <uses-permission android:name="android.permission.WAKE_LOCK" />
16-->[com.google.android.gms:play-services-measurement-api:17.6.0] AndroidManifest.xml:24:5-68
16-->[com.google.android.gms:play-services-measurement-api:17.6.0] AndroidManifest.xml:24:22-65
17    <uses-permission android:name="com.google.android.finsky.permission.BIND_GET_INSTALL_REFERRER_SERVICE" />
17-->[com.google.android.gms:play-services-measurement:17.6.0] AndroidManifest.xml:26:5-110
17-->[com.google.android.gms:play-services-measurement:17.6.0] AndroidManifest.xml:26:22-107
18    <!--
19 io.flutter.app.FlutterApplication is an android.app.Application that
20         calls FlutterMain.startInitialization(this); in its onCreate method.
21         In most cases you can leave this as-is, but you if you want to provide
22         additional functionality it is fine to subclass or reimplement
23         FlutterApplication and put your custom class here.
24    -->
25    <application
25-->src\main\AndroidManifest.xml:8:5-46:19
26        android:name="io.flutter.app.FlutterApplication"
26-->src\main\AndroidManifest.xml:9:9-57
27        android:appComponentFactory="androidx.core.app.CoreComponentFactory"
27-->[androidx.core:core:1.1.0] AndroidManifest.xml:24:18-86
28        android:debuggable="true"
29        android:icon="@mipmap/ic_launcher"
29-->src\main\AndroidManifest.xml:11:9-43
30        android:label="tingting_chat2"
30-->src\main\AndroidManifest.xml:10:9-39
31        android:supportsRtl="true" >
31-->[com.facebook.android:facebook-android-sdk:5.5.1] AndroidManifest.xml:28:18-44
32        <activity
32-->src\main\AndroidManifest.xml:12:9-40:20
33            android:name="com.example.tingting_chat2.MainActivity"
33-->src\main\AndroidManifest.xml:13:13-41
34            android:configChanges="orientation|keyboardHidden|keyboard|screenSize|smallestScreenSize|locale|layoutDirection|fontScale|screenLayout|density|uiMode"
34-->src\main\AndroidManifest.xml:16:13-163
35            android:hardwareAccelerated="true"
35-->src\main\AndroidManifest.xml:17:13-47
36            android:launchMode="singleTop"
36-->src\main\AndroidManifest.xml:14:13-43
37            android:theme="@style/LaunchTheme"
37-->src\main\AndroidManifest.xml:15:13-47
38            android:windowSoftInputMode="adjustResize" >
38-->src\main\AndroidManifest.xml:18:13-55
39
40            <!--
41                 Specifies an Android theme to apply to this Activity as soon as
42                 the Android process has started. This theme is visible to the user
43                 while the Flutter UI initializes. After that, this theme continues
44                 to determine the Window background behind the Flutter UI.
45            -->
46            <meta-data
46-->src\main\AndroidManifest.xml:23:13-26:17
47                android:name="io.flutter.embedding.android.NormalTheme"
47-->src\main\AndroidManifest.xml:24:15-70
48                android:resource="@style/NormalTheme" />
48-->src\main\AndroidManifest.xml:25:15-52
49            <!--
50                 Displays an Android View that continues showing the launch screen
51                 Drawable until Flutter paints its first frame, then this splash
52                 screen fades out. A splash screen is useful to avoid any visual
53                 gap between the end of Android's launch screen and the painting of
54                 Flutter's first frame.
55            -->
56            <meta-data
56-->src\main\AndroidManifest.xml:32:13-35:17
57                android:name="io.flutter.embedding.android.SplashScreenDrawable"
57-->src\main\AndroidManifest.xml:33:15-79
58                android:resource="@drawable/launch_background" />
58-->src\main\AndroidManifest.xml:34:15-61
59
60            <intent-filter>
60-->src\main\AndroidManifest.xml:36:13-39:29
61                <action android:name="android.intent.action.MAIN" />
61-->src\main\AndroidManifest.xml:37:17-68
61-->src\main\AndroidManifest.xml:37:25-66
62
63                <category android:name="android.intent.category.LAUNCHER" />
63-->src\main\AndroidManifest.xml:38:17-76
63-->src\main\AndroidManifest.xml:38:27-74
64            </intent-filter>
65        </activity>
66        <!--
67             Don't delete the meta-data below.
68             This is used by the Flutter tool to generate GeneratedPluginRegistrant.java
69        -->
70        <meta-data
70-->src\main\AndroidManifest.xml:43:9-45:33
71            android:name="flutterEmbedding"
71-->src\main\AndroidManifest.xml:44:13-44
72            android:value="2" />
72-->src\main\AndroidManifest.xml:45:13-30
73
74        <service
74-->[:firebase_auth] AndroidManifest.xml:8:9-12:19
75            android:name="com.google.firebase.components.ComponentDiscoveryService"
75-->[:firebase_auth] AndroidManifest.xml:8:18-89
76            android:directBootAware="true"
76-->[com.google.firebase:firebase-common:19.4.0] AndroidManifest.xml:35:13-43
77            android:exported="false" >
77-->[com.google.firebase:firebase-auth:20.0.4] AndroidManifest.xml:76:13-37
78            <meta-data
78-->[:firebase_auth] AndroidManifest.xml:9:13-11:85
79                android:name="com.google.firebase.components:io.flutter.plugins.firebase.auth.FlutterFirebaseAuthRegistrar"
79-->[:firebase_auth] AndroidManifest.xml:10:17-124
80                android:value="com.google.firebase.components.ComponentRegistrar" />
80-->[:firebase_auth] AndroidManifest.xml:11:17-82
81            <meta-data
81-->[:firebase_database] AndroidManifest.xml:9:13-11:85
82                android:name="com.google.firebase.components:io.flutter.plugins.firebase.database.FlutterFirebaseAppRegistrar"
82-->[:firebase_database] AndroidManifest.xml:10:17-127
83                android:value="com.google.firebase.components.ComponentRegistrar" />
83-->[:firebase_database] AndroidManifest.xml:11:17-82
84            <meta-data
84-->[:firebase_storage] AndroidManifest.xml:9:13-11:85
85                android:name="com.google.firebase.components:io.flutter.plugins.firebase.storage.FlutterFirebaseAppRegistrar"
85-->[:firebase_storage] AndroidManifest.xml:10:17-126
86                android:value="com.google.firebase.components.ComponentRegistrar" />
86-->[:firebase_storage] AndroidManifest.xml:11:17-82
87            <meta-data
87-->[:firebase_core] AndroidManifest.xml:9:13-11:85
88                android:name="com.google.firebase.components:io.flutter.plugins.firebase.core.FlutterFirebaseCoreRegistrar"
88-->[:firebase_core] AndroidManifest.xml:10:17-124
89                android:value="com.google.firebase.components.ComponentRegistrar" />
89-->[:firebase_core] AndroidManifest.xml:11:17-82
90            <meta-data
90-->[com.google.firebase:firebase-auth:20.0.4] AndroidManifest.xml:77:13-79:85
91                android:name="com.google.firebase.components:com.google.firebase.auth.FirebaseAuthRegistrar"
91-->[com.google.firebase:firebase-auth:20.0.4] AndroidManifest.xml:78:17-109
92                android:value="com.google.firebase.components.ComponentRegistrar" />
92-->[com.google.firebase:firebase-auth:20.0.4] AndroidManifest.xml:79:17-82
93            <meta-data
93-->[com.google.firebase:firebase-storage:19.2.0] AndroidManifest.xml:33:13-35:85
94                android:name="com.google.firebase.components:com.google.firebase.storage.StorageRegistrar"
94-->[com.google.firebase:firebase-storage:19.2.0] AndroidManifest.xml:34:17-107
95                android:value="com.google.firebase.components.ComponentRegistrar" />
95-->[com.google.firebase:firebase-storage:19.2.0] AndroidManifest.xml:35:17-82
96            <meta-data
96-->[com.google.firebase:firebase-database:19.5.0] AndroidManifest.xml:32:13-34:85
97                android:name="com.google.firebase.components:com.google.firebase.database.DatabaseRegistrar"
97-->[com.google.firebase:firebase-database:19.5.0] AndroidManifest.xml:33:17-109
98                android:value="com.google.firebase.components.ComponentRegistrar" />
98-->[com.google.firebase:firebase-database:19.5.0] AndroidManifest.xml:34:17-82
99            <meta-data
99-->[com.google.android.gms:play-services-measurement-api:17.6.0] AndroidManifest.xml:30:13-32:85
100                android:name="com.google.firebase.components:com.google.firebase.analytics.connector.internal.AnalyticsConnectorRegistrar"
100-->[com.google.android.gms:play-services-measurement-api:17.6.0] AndroidManifest.xml:31:17-139
101                android:value="com.google.firebase.components.ComponentRegistrar" />
101-->[com.google.android.gms:play-services-measurement-api:17.6.0] AndroidManifest.xml:32:17-82
102            <meta-data
102-->[com.google.firebase:firebase-installations:16.3.2] AndroidManifest.xml:17:13-19:85
103                android:name="com.google.firebase.components:com.google.firebase.installations.FirebaseInstallationsRegistrar"
103-->[com.google.firebase:firebase-installations:16.3.2] AndroidManifest.xml:18:17-127
104                android:value="com.google.firebase.components.ComponentRegistrar" />
104-->[com.google.firebase:firebase-installations:16.3.2] AndroidManifest.xml:19:17-82
105        </service>
106
107        <meta-data
107-->[com.firebaseui:firebase-ui-auth:4.3.1] AndroidManifest.xml:16:9-18:69
108            android:name="com.google.android.gms.version"
108-->[com.firebaseui:firebase-ui-auth:4.3.1] AndroidManifest.xml:17:13-58
109            android:value="@integer/google_play_services_version" />
109-->[com.firebaseui:firebase-ui-auth:4.3.1] AndroidManifest.xml:18:13-66
110        <meta-data
110-->[com.firebaseui:firebase-ui-auth:4.3.1] AndroidManifest.xml:19:9-21:63
111            android:name="com.facebook.sdk.ApplicationId"
111-->[com.firebaseui:firebase-ui-auth:4.3.1] AndroidManifest.xml:20:13-58
112            android:value="@string/facebook_application_id" />
112-->[com.firebaseui:firebase-ui-auth:4.3.1] AndroidManifest.xml:21:13-60
113
114        <activity
114-->[com.firebaseui:firebase-ui-auth:4.3.1] AndroidManifest.xml:23:9-27:61
115            android:name="com.firebase.ui.auth.KickoffActivity"
115-->[com.firebaseui:firebase-ui-auth:4.3.1] AndroidManifest.xml:24:13-64
116            android:exported="false"
116-->[com.firebaseui:firebase-ui-auth:4.3.1] AndroidManifest.xml:25:13-37
117            android:label=""
117-->[com.firebaseui:firebase-ui-auth:4.3.1] AndroidManifest.xml:26:13-29
118            android:theme="@style/FirebaseUI.Transparent" />
118-->[com.firebaseui:firebase-ui-auth:4.3.1] AndroidManifest.xml:27:13-58
119        <activity
119-->[com.firebaseui:firebase-ui-auth:4.3.1] AndroidManifest.xml:28:9-32:61
120            android:name="com.firebase.ui.auth.ui.idp.SingleSignInActivity"
120-->[com.firebaseui:firebase-ui-auth:4.3.1] AndroidManifest.xml:29:13-76
121            android:exported="false"
121-->[com.firebaseui:firebase-ui-auth:4.3.1] AndroidManifest.xml:30:13-37
122            android:label=""
122-->[com.firebaseui:firebase-ui-auth:4.3.1] AndroidManifest.xml:31:13-29
123            android:theme="@style/FirebaseUI.Transparent" />
123-->[com.firebaseui:firebase-ui-auth:4.3.1] AndroidManifest.xml:32:13-58
124        <activity
124-->[com.firebaseui:firebase-ui-auth:4.3.1] AndroidManifest.xml:33:9-37:61
125            android:name="com.firebase.ui.auth.ui.credentials.CredentialSaveActivity"
125-->[com.firebaseui:firebase-ui-auth:4.3.1] AndroidManifest.xml:34:13-86
126            android:exported="false"
126-->[com.firebaseui:firebase-ui-auth:4.3.1] AndroidManifest.xml:35:13-37
127            android:label=""
127-->[com.firebaseui:firebase-ui-auth:4.3.1] AndroidManifest.xml:36:13-29
128            android:theme="@style/FirebaseUI.Transparent" />
128-->[com.firebaseui:firebase-ui-auth:4.3.1] AndroidManifest.xml:37:13-58
129        <activity
129-->[com.firebaseui:firebase-ui-auth:4.3.1] AndroidManifest.xml:38:9-42:58
130            android:name="com.firebase.ui.auth.ui.email.RecoverPasswordActivity"
130-->[com.firebaseui:firebase-ui-auth:4.3.1] AndroidManifest.xml:39:13-81
131            android:exported="false"
131-->[com.firebaseui:firebase-ui-auth:4.3.1] AndroidManifest.xml:40:13-37
132            android:label="@string/fui_title_recover_password_activity"
132-->[com.firebaseui:firebase-ui-auth:4.3.1] AndroidManifest.xml:41:13-72
133            android:windowSoftInputMode="adjustResize" />
133-->[com.firebaseui:firebase-ui-auth:4.3.1] AndroidManifest.xml:42:13-55
134        <activity
134-->[com.firebaseui:firebase-ui-auth:4.3.1] AndroidManifest.xml:43:9-47:58
135            android:name="com.firebase.ui.auth.ui.email.EmailActivity"
135-->[com.firebaseui:firebase-ui-auth:4.3.1] AndroidManifest.xml:44:13-71
136            android:exported="false"
136-->[com.firebaseui:firebase-ui-auth:4.3.1] AndroidManifest.xml:45:13-37
137            android:label="@string/fui_sign_in_default"
137-->[com.firebaseui:firebase-ui-auth:4.3.1] AndroidManifest.xml:46:13-56
138            android:windowSoftInputMode="adjustResize" />
138-->[com.firebaseui:firebase-ui-auth:4.3.1] AndroidManifest.xml:47:13-55
139        <activity
139-->[com.firebaseui:firebase-ui-auth:4.3.1] AndroidManifest.xml:48:9-52:77
140            android:name="com.firebase.ui.auth.ui.phone.PhoneActivity"
140-->[com.firebaseui:firebase-ui-auth:4.3.1] AndroidManifest.xml:49:13-71
141            android:exported="false"
141-->[com.firebaseui:firebase-ui-auth:4.3.1] AndroidManifest.xml:50:13-37
142            android:label="@string/fui_sign_in_with_phone_number"
142-->[com.firebaseui:firebase-ui-auth:4.3.1] AndroidManifest.xml:51:13-66
143            android:windowSoftInputMode="adjustResize|stateAlwaysVisible" />
143-->[com.firebaseui:firebase-ui-auth:4.3.1] AndroidManifest.xml:52:13-74
144        <activity
144-->[com.firebaseui:firebase-ui-auth:4.3.1] AndroidManifest.xml:53:9-57:58
145            android:name="com.firebase.ui.auth.ui.idp.WelcomeBackIdpPrompt"
145-->[com.firebaseui:firebase-ui-auth:4.3.1] AndroidManifest.xml:54:13-76
146            android:exported="false"
146-->[com.firebaseui:firebase-ui-auth:4.3.1] AndroidManifest.xml:55:13-37
147            android:label="@string/fui_title_welcome_back_idp_prompt"
147-->[com.firebaseui:firebase-ui-auth:4.3.1] AndroidManifest.xml:56:13-70
148            android:windowSoftInputMode="adjustResize" />
148-->[com.firebaseui:firebase-ui-auth:4.3.1] AndroidManifest.xml:57:13-55
149        <activity
149-->[com.firebaseui:firebase-ui-auth:4.3.1] AndroidManifest.xml:58:9-62:58
150            android:name="com.firebase.ui.auth.ui.email.WelcomeBackPasswordPrompt"
150-->[com.firebaseui:firebase-ui-auth:4.3.1] AndroidManifest.xml:59:13-83
151            android:exported="false"
151-->[com.firebaseui:firebase-ui-auth:4.3.1] AndroidManifest.xml:60:13-37
152            android:label="@string/fui_title_welcome_back_password_prompt"
152-->[com.firebaseui:firebase-ui-auth:4.3.1] AndroidManifest.xml:61:13-75
153            android:windowSoftInputMode="adjustResize" />
153-->[com.firebaseui:firebase-ui-auth:4.3.1] AndroidManifest.xml:62:13-55
154        <activity
154-->[com.firebaseui:firebase-ui-auth:4.3.1] AndroidManifest.xml:63:9-67:58
155            android:name="com.firebase.ui.auth.ui.email.WelcomeBackEmailLinkPrompt"
155-->[com.firebaseui:firebase-ui-auth:4.3.1] AndroidManifest.xml:64:13-84
156            android:exported="false"
156-->[com.firebaseui:firebase-ui-auth:4.3.1] AndroidManifest.xml:65:13-37
157            android:label="@string/fui_title_welcome_back_password_prompt"
157-->[com.firebaseui:firebase-ui-auth:4.3.1] AndroidManifest.xml:66:13-75
158            android:windowSoftInputMode="adjustResize" />
158-->[com.firebaseui:firebase-ui-auth:4.3.1] AndroidManifest.xml:67:13-55
159        <activity
159-->[com.firebaseui:firebase-ui-auth:4.3.1] AndroidManifest.xml:68:9-73:58
160            android:name="com.firebase.ui.auth.ui.email.EmailLinkCatcherActivity"
160-->[com.firebaseui:firebase-ui-auth:4.3.1] AndroidManifest.xml:69:13-82
161            android:exported="false"
161-->[com.firebaseui:firebase-ui-auth:4.3.1] AndroidManifest.xml:70:13-37
162            android:label=""
162-->[com.firebaseui:firebase-ui-auth:4.3.1] AndroidManifest.xml:71:13-29
163            android:theme="@style/FirebaseUI.Transparent"
163-->[com.firebaseui:firebase-ui-auth:4.3.1] AndroidManifest.xml:72:13-58
164            android:windowSoftInputMode="adjustResize" />
164-->[com.firebaseui:firebase-ui-auth:4.3.1] AndroidManifest.xml:73:13-55
165        <activity
165-->[com.firebaseui:firebase-ui-auth:4.3.1] AndroidManifest.xml:74:9-78:58
166            android:name="com.firebase.ui.auth.ui.email.EmailLinkErrorRecoveryActivity"
166-->[com.firebaseui:firebase-ui-auth:4.3.1] AndroidManifest.xml:75:13-88
167            android:exported="false"
167-->[com.firebaseui:firebase-ui-auth:4.3.1] AndroidManifest.xml:76:13-37
168            android:label="@string/fui_sign_in_default"
168-->[com.firebaseui:firebase-ui-auth:4.3.1] AndroidManifest.xml:77:13-56
169            android:windowSoftInputMode="adjustResize" />
169-->[com.firebaseui:firebase-ui-auth:4.3.1] AndroidManifest.xml:78:13-55
170        <activity
170-->[com.firebaseui:firebase-ui-auth:4.3.1] AndroidManifest.xml:79:9-82:65
171            android:name="com.firebase.ui.auth.ui.idp.AuthMethodPickerActivity"
171-->[com.firebaseui:firebase-ui-auth:4.3.1] AndroidManifest.xml:80:13-80
172            android:exported="false"
172-->[com.firebaseui:firebase-ui-auth:4.3.1] AndroidManifest.xml:81:13-37
173            android:label="@string/fui_default_toolbar_title" />
173-->[com.firebaseui:firebase-ui-auth:4.3.1] AndroidManifest.xml:82:13-62
174        <activity
174-->[com.firebaseui:firebase-ui-auth:4.3.1] AndroidManifest.xml:83:9-87:48
175            android:name="com.facebook.FacebookActivity"
175-->[com.firebaseui:firebase-ui-auth:4.3.1] AndroidManifest.xml:84:13-57
176            android:configChanges="keyboard|keyboardHidden|screenLayout|screenSize|orientation"
176-->[com.firebaseui:firebase-ui-auth:4.3.1] AndroidManifest.xml:85:13-96
177            android:label="@string/app_name"
177-->[com.firebaseui:firebase-ui-auth:4.3.1] AndroidManifest.xml:86:13-45
178            android:theme="@style/com_facebook_activity_theme" />
178-->[com.facebook.android:facebook-common:5.5.1] AndroidManifest.xml:32:13-63
179        <activity
179-->[com.firebaseui:firebase-ui-auth:4.3.1] AndroidManifest.xml:88:9-100:20
180            android:name="com.facebook.CustomTabActivity"
180-->[com.firebaseui:firebase-ui-auth:4.3.1] AndroidManifest.xml:89:13-58
181            android:exported="true" >
181-->[com.firebaseui:firebase-ui-auth:4.3.1] AndroidManifest.xml:90:13-36
182            <intent-filter>
182-->[com.firebaseui:firebase-ui-auth:4.3.1] AndroidManifest.xml:92:13-99:29
183                <action android:name="android.intent.action.VIEW" />
183-->[com.firebaseui:firebase-ui-auth:4.3.1] AndroidManifest.xml:93:17-69
183-->[com.firebaseui:firebase-ui-auth:4.3.1] AndroidManifest.xml:93:25-66
184
185                <category android:name="android.intent.category.DEFAULT" />
185-->[com.firebaseui:firebase-ui-auth:4.3.1] AndroidManifest.xml:95:17-76
185-->[com.firebaseui:firebase-ui-auth:4.3.1] AndroidManifest.xml:95:27-73
186                <category android:name="android.intent.category.BROWSABLE" />
186-->[com.firebaseui:firebase-ui-auth:4.3.1] AndroidManifest.xml:96:17-78
186-->[com.firebaseui:firebase-ui-auth:4.3.1] AndroidManifest.xml:96:27-75
187
188                <data android:scheme="@string/facebook_login_protocol_scheme" />
188-->[com.firebaseui:firebase-ui-auth:4.3.1] AndroidManifest.xml:98:17-81
188-->[com.firebaseui:firebase-ui-auth:4.3.1] AndroidManifest.xml:98:23-78
189            </intent-filter>
190        </activity>
191
192        <provider
192-->[com.firebaseui:firebase-ui-auth:4.3.1] AndroidManifest.xml:102:9-106:38
193            android:name="com.firebase.ui.auth.data.client.AuthUiInitProvider"
193-->[com.firebaseui:firebase-ui-auth:4.3.1] AndroidManifest.xml:103:13-79
194            android:authorities="com.example.tingting_chat2.authuiinitprovider"
194-->[com.firebaseui:firebase-ui-auth:4.3.1] AndroidManifest.xml:104:13-70
195            android:exported="false"
195-->[com.firebaseui:firebase-ui-auth:4.3.1] AndroidManifest.xml:105:13-37
196            android:initOrder="90" />
196-->[com.firebaseui:firebase-ui-auth:4.3.1] AndroidManifest.xml:106:13-35
197
198        <activity
198-->[com.google.firebase:firebase-auth:20.0.4] AndroidManifest.xml:27:9-44:20
199            android:name="com.google.firebase.auth.internal.GenericIdpActivity"
199-->[com.google.firebase:firebase-auth:20.0.4] AndroidManifest.xml:28:13-80
200            android:excludeFromRecents="true"
200-->[com.google.firebase:firebase-auth:20.0.4] AndroidManifest.xml:29:13-46
201            android:exported="true"
201-->[com.google.firebase:firebase-auth:20.0.4] AndroidManifest.xml:30:13-36
202            android:launchMode="singleTask"
202-->[com.google.firebase:firebase-auth:20.0.4] AndroidManifest.xml:31:13-44
203            android:theme="@android:style/Theme.Translucent.NoTitleBar" >
203-->[com.google.firebase:firebase-auth:20.0.4] AndroidManifest.xml:32:13-72
204            <intent-filter>
204-->[com.google.firebase:firebase-auth:20.0.4] AndroidManifest.xml:33:13-43:29
205                <action android:name="android.intent.action.VIEW" />
205-->[com.firebaseui:firebase-ui-auth:4.3.1] AndroidManifest.xml:93:17-69
205-->[com.firebaseui:firebase-ui-auth:4.3.1] AndroidManifest.xml:93:25-66
206
207                <category android:name="android.intent.category.DEFAULT" />
207-->[com.firebaseui:firebase-ui-auth:4.3.1] AndroidManifest.xml:95:17-76
207-->[com.firebaseui:firebase-ui-auth:4.3.1] AndroidManifest.xml:95:27-73
208                <category android:name="android.intent.category.BROWSABLE" />
208-->[com.firebaseui:firebase-ui-auth:4.3.1] AndroidManifest.xml:96:17-78
208-->[com.firebaseui:firebase-ui-auth:4.3.1] AndroidManifest.xml:96:27-75
209
210                <data
210-->[com.firebaseui:firebase-ui-auth:4.3.1] AndroidManifest.xml:98:17-81
211                    android:host="firebase.auth"
212                    android:path="/"
213                    android:scheme="genericidp" />
213-->[com.firebaseui:firebase-ui-auth:4.3.1] AndroidManifest.xml:98:23-78
214            </intent-filter>
215        </activity>
216        <activity
216-->[com.google.firebase:firebase-auth:20.0.4] AndroidManifest.xml:45:9-62:20
217            android:name="com.google.firebase.auth.internal.RecaptchaActivity"
217-->[com.google.firebase:firebase-auth:20.0.4] AndroidManifest.xml:46:13-79
218            android:excludeFromRecents="true"
218-->[com.google.firebase:firebase-auth:20.0.4] AndroidManifest.xml:47:13-46
219            android:exported="true"
219-->[com.google.firebase:firebase-auth:20.0.4] AndroidManifest.xml:48:13-36
220            android:launchMode="singleTask"
220-->[com.google.firebase:firebase-auth:20.0.4] AndroidManifest.xml:49:13-44
221            android:theme="@android:style/Theme.Translucent.NoTitleBar" >
221-->[com.google.firebase:firebase-auth:20.0.4] AndroidManifest.xml:50:13-72
222            <intent-filter>
222-->[com.google.firebase:firebase-auth:20.0.4] AndroidManifest.xml:51:13-61:29
223                <action android:name="android.intent.action.VIEW" />
223-->[com.firebaseui:firebase-ui-auth:4.3.1] AndroidManifest.xml:93:17-69
223-->[com.firebaseui:firebase-ui-auth:4.3.1] AndroidManifest.xml:93:25-66
224
225                <category android:name="android.intent.category.DEFAULT" />
225-->[com.firebaseui:firebase-ui-auth:4.3.1] AndroidManifest.xml:95:17-76
225-->[com.firebaseui:firebase-ui-auth:4.3.1] AndroidManifest.xml:95:27-73
226                <category android:name="android.intent.category.BROWSABLE" />
226-->[com.firebaseui:firebase-ui-auth:4.3.1] AndroidManifest.xml:96:17-78
226-->[com.firebaseui:firebase-ui-auth:4.3.1] AndroidManifest.xml:96:27-75
227
228                <data
228-->[com.firebaseui:firebase-ui-auth:4.3.1] AndroidManifest.xml:98:17-81
229                    android:host="firebase.auth"
230                    android:path="/"
231                    android:scheme="recaptcha" />
231-->[com.firebaseui:firebase-ui-auth:4.3.1] AndroidManifest.xml:98:23-78
232            </intent-filter>
233        </activity>
234
235        <service
235-->[com.google.firebase:firebase-auth:20.0.4] AndroidManifest.xml:64:9-73:19
236            android:name="com.google.firebase.auth.api.fallback.service.FirebaseAuthFallbackService"
236-->[com.google.firebase:firebase-auth:20.0.4] AndroidManifest.xml:65:13-101
237            android:enabled="true"
237-->[com.google.firebase:firebase-auth:20.0.4] AndroidManifest.xml:66:13-35
238            android:exported="false" >
238-->[com.google.firebase:firebase-auth:20.0.4] AndroidManifest.xml:67:13-37
239            <intent-filter>
239-->[com.google.firebase:firebase-auth:20.0.4] AndroidManifest.xml:68:13-72:29
240                <action android:name="com.google.firebase.auth.api.gms.service.START" />
240-->[com.google.firebase:firebase-auth:20.0.4] AndroidManifest.xml:69:17-89
240-->[com.google.firebase:firebase-auth:20.0.4] AndroidManifest.xml:69:25-86
241
242                <category android:name="android.intent.category.DEFAULT" />
242-->[com.firebaseui:firebase-ui-auth:4.3.1] AndroidManifest.xml:95:17-76
242-->[com.firebaseui:firebase-ui-auth:4.3.1] AndroidManifest.xml:95:27-73
243            </intent-filter>
244        </service>
245
246        <activity
246-->[com.google.android.gms:play-services-auth:16.0.1] AndroidManifest.xml:23:9-27:75
247            android:name="com.google.android.gms.auth.api.signin.internal.SignInHubActivity"
247-->[com.google.android.gms:play-services-auth:16.0.1] AndroidManifest.xml:24:13-93
248            android:excludeFromRecents="true"
248-->[com.google.android.gms:play-services-auth:16.0.1] AndroidManifest.xml:25:13-46
249            android:exported="false"
249-->[com.google.android.gms:play-services-auth:16.0.1] AndroidManifest.xml:26:13-37
250            android:theme="@android:style/Theme.Translucent.NoTitleBar" />
250-->[com.google.android.gms:play-services-auth:16.0.1] AndroidManifest.xml:27:13-72
251        <!--
252            Service handling Google Sign-In user revocation. For apps that do not integrate with
253            Google Sign-In, this service will never be started.
254        -->
255        <service
255-->[com.google.android.gms:play-services-auth:16.0.1] AndroidManifest.xml:33:9-36:110
256            android:name="com.google.android.gms.auth.api.signin.RevocationBoundService"
256-->[com.google.android.gms:play-services-auth:16.0.1] AndroidManifest.xml:34:13-89
257            android:exported="true"
257-->[com.google.android.gms:play-services-auth:16.0.1] AndroidManifest.xml:35:13-36
258            android:permission="com.google.android.gms.auth.api.signin.permission.REVOCATION_NOTIFICATION" />
258-->[com.google.android.gms:play-services-auth:16.0.1] AndroidManifest.xml:36:13-107
259
260        <activity
260-->[com.google.android.gms:play-services-base:17.1.0] AndroidManifest.xml:23:9-26:75
261            android:name="com.google.android.gms.common.api.GoogleApiActivity"
261-->[com.google.android.gms:play-services-base:17.1.0] AndroidManifest.xml:24:13-79
262            android:exported="false"
262-->[com.google.android.gms:play-services-base:17.1.0] AndroidManifest.xml:25:13-37
263            android:theme="@android:style/Theme.Translucent.NoTitleBar" />
263-->[com.google.android.gms:play-services-base:17.1.0] AndroidManifest.xml:26:13-72
264
265        <provider
265-->[com.google.firebase:firebase-common:19.4.0] AndroidManifest.xml:26:9-31:39
266            android:name="com.google.firebase.provider.FirebaseInitProvider"
266-->[com.google.firebase:firebase-common:19.4.0] AndroidManifest.xml:27:13-77
267            android:authorities="com.example.tingting_chat2.firebaseinitprovider"
267-->[com.google.firebase:firebase-common:19.4.0] AndroidManifest.xml:28:13-72
268            android:directBootAware="true"
268-->[com.google.firebase:firebase-common:19.4.0] AndroidManifest.xml:29:13-43
269            android:exported="false"
269-->[com.google.firebase:firebase-common:19.4.0] AndroidManifest.xml:30:13-37
270            android:initOrder="100" />
270-->[com.google.firebase:firebase-common:19.4.0] AndroidManifest.xml:31:13-36
271
272        <receiver
272-->[com.google.android.gms:play-services-measurement:17.6.0] AndroidManifest.xml:29:9-33:20
273            android:name="com.google.android.gms.measurement.AppMeasurementReceiver"
273-->[com.google.android.gms:play-services-measurement:17.6.0] AndroidManifest.xml:30:13-85
274            android:enabled="true"
274-->[com.google.android.gms:play-services-measurement:17.6.0] AndroidManifest.xml:31:13-35
275            android:exported="false" >
275-->[com.google.android.gms:play-services-measurement:17.6.0] AndroidManifest.xml:32:13-37
276        </receiver>
277
278        <service
278-->[com.google.android.gms:play-services-measurement:17.6.0] AndroidManifest.xml:35:9-38:40
279            android:name="com.google.android.gms.measurement.AppMeasurementService"